<!DOCTYPE html PUBLIC "-//W3C//DTD XHTML 1.1//EN" "http://www.w3.org/TR/xhtml11/DTD/xhtml11.dtd">
<html xmlns="http://www.w3.org/1999/xhtml">
<head>
<meta http-equiv="content-type" content="text/html; charset=UTF-8"/>
<title>TestNG Report</title>
<style type="text/css">table {margin-bottom:10px;border-collapse:collapse;empty-cells:show}th,td {border:1px solid #009;padding:.25em .5em}th {vertical-align:bottom}td {vertical-align:top}table a {font-weight:bold}.stripe td {background-color: #E6EBF9}.num {text-align:right}.passedodd td {background-color: #3F3}.passedeven td {background-color: #0A0}.skippedodd td {background-color: #DDD}.skippedeven td {background-color: #CCC}.failedodd td,.attn {background-color: #F33}.failedeven td,.stripe .attn {background-color: #D00}.stacktrace {white-space:pre;font-family:monospace}.totop {font-size:85%;text-align:center;border-bottom:2px solid #000}.invisible {display:none}</style>
</head>
<body>
<table>
<tr><th>Test</th><th># Passed</th><th># Skipped</th><th># Failed</th><th>Time (ms)</th><th>Included Groups</th><th>Excluded Groups</th></tr>
<tr><th colspan="7">TestNG Learning</th></tr>
<tr><td><a href="#t0">Login Test</a></td><td class="num">1</td><td class="num">0</td><td class="num">0</td><td class="num">62</td><td></td><td>high</td></tr>
<tr class="stripe"><td><a href="#t1">Validate Title Test</a></td><td class="num">0</td><td class="num">0</td><td class="num attn">1</td><td class="num">17</td><td></td><td></td></tr>
<tr><td><a href="#t2">Dependency Test</a></td><td class="num">0</td><td class="num attn">2</td><td class="num attn">1</td><td class="num">29</td><td></td><td></td></tr>
<tr><th>Total</th><th class="num">1</th><th class="num attn">2</th><th class="num attn">2</th><th class="num">108</th><th colspan="2"></th></tr>
</table>
<table id='summary'><thead><tr><th>Class</th><th>Method</th><th>Start</th><th>Time (ms)</th></tr></thead><tbody><tr><th colspan="4">TestNG Learning</th></tr></tbody><tbody id="t0"><tr><th colspan="4">Login Test &#8212; passed</th></tr><tr class="passedeven"><td rowspan="1">testnglearning.TestCase1</td><td><a href="#m0">doLogin</a></td><td rowspan="1">1555221778277</td><td rowspan="1">9</td></tr></tbody>
<tbody id="t1"><tr><th colspan="4">Validate Title Test &#8212; failed</th></tr><tr class="failedeven"><td rowspan="1">testnglearning.TestCase2</td><td><a href="#m1">validateTitles</a></td><td rowspan="1">1555221778331</td><td rowspan="1">9</td></tr></tbody>
<tbody id="t2"><tr><th colspan="4">Dependency Test &#8212; failed</th></tr><tr class="failedeven"><td rowspan="1">testnglearning.TestCase3</td><td><a href="#m2">doUserReg</a></td><td rowspan="1">1555221778372</td><td rowspan="1">4</td></tr><tr><th colspan="4">Dependency Test &#8212; skipped</th></tr><tr class="skippedeven"><td rowspan="2">testnglearning.TestCase3</td><td><a href="#m3">doLogin</a></td><td rowspan="1">1555221778388</td><td rowspan="1">0</td></tr><tr class="skippedeven"><td><a href="#m4">isSkip</a></td><td rowspan="1">1555221778393</td><td rowspan="1">2</td></tr></tbody>
</table>
<h2>Login Test</h2><h3 id="m0">testnglearning.TestCase1#doLogin</h3><table class="result"><tr><th>Messages</th></tr><tr><td><div class="messages"><a target="_blank" href="F:\screenshot\error.jpg">Screenshot link</a><br/><br><br/><a target="_blank" href="F:\screenshot\error.jpg"><img height=200 width=200 src="F:\screenshot\error.jpg"></a></div></td></tr></table><p class="totop"><a href="#summary">back to summary</a></p>
<h2>Validate Title Test</h2><h3 id="m1">testnglearning.TestCase2#validateTitles</h3><table class="result"><tr><th>Messages</th></tr><tr><td><div class="messages"><a target="_blank" href="F:\screenshot\error.jpg">Screenshot link</a><br/><br><br/><a target="_blank" href="F:\screenshot\error.jpg"><img height=200 width=200 src="F:\screenshot\error.jpg"></a></div></td></tr><tr><th>Exception</th></tr><tr><td><div class="stacktrace">java.lang.AssertionError: The following asserts failed:
	expected [Yahoo.com] but found [Gmail.com],
	Element not found expected [true] but found [false],
	Test failed as the condition is not met
	at testnglearning.TestCase2.validateTitles(TestCase2.java:47)
... Removed 26 stack frames</div></td></tr></table><p class="totop"><a href="#summary">back to summary</a></p>
<h2>Dependency Test</h2><h3 id="m2">testnglearning.TestCase3#doUserReg</h3><table class="result"><tr><th>Messages</th></tr><tr><td><div class="messages"><a target="_blank" href="F:\screenshot\error.jpg">Screenshot link</a><br/><br><br/><a target="_blank" href="F:\screenshot\error.jpg"><img height=200 width=200 src="F:\screenshot\error.jpg"></a></div></td></tr><tr><th>Exception</th></tr><tr><td><div class="stacktrace">java.lang.AssertionError: User not registered successfully
	at testnglearning.TestCase3.doUserReg(TestCase3.java:14)
... Removed 26 stack frames</div></td></tr></table><p class="totop"><a href="#summary">back to summary</a></p>
<h3 id="m3">testnglearning.TestCase3#doLogin</h3><table class="result"><tr><th>Exception</th></tr><tr><td><div class="stacktrace">java.lang.Throwable: Method TestCase3.doLogin()[pri:2, instance:testnglearning.TestCase3@76b0bfab] depends on not successfully finished methods
... Removed 18 stack frames</div></td></tr></table><p class="totop"><a href="#summary">back to summary</a></p>
<h3 id="m4">testnglearning.TestCase3#isSkip</h3><table class="result"><tr><th>Exception</th></tr><tr><td><div class="stacktrace">org.testng.SkipException: Skipping the test as the condition is not met
	at testnglearning.TestCase3.isSkip(TestCase3.java:28)
... Removed 25 stack frames</div></td></tr></table><p class="totop"><a href="#summary">back to summary</a></p>
</body>
</html>
