<!DOCTYPE html PUBLIC "-//W3C//DTD XHTML 1.1//EN" "http://www.w3.org/TR/xhtml11/DTD/xhtml11.dtd">
<html xmlns="http://www.w3.org/1999/xhtml">
<head>
<meta http-equiv="content-type" content="text/html; charset=UTF-8"/>
<title>TestNG Report</title>
<style type="text/css">table {margin-bottom:10px;border-collapse:collapse;empty-cells:show}th,td {border:1px solid #009;padding:.25em .5em}th {vertical-align:bottom}td {vertical-align:top}table a {font-weight:bold}.stripe td {background-color: #E6EBF9}.num {text-align:right}.passedodd td {background-color: #3F3}.passedeven td {background-color: #0A0}.skippedodd td {background-color: #DDD}.skippedeven td {background-color: #CCC}.failedodd td,.attn {background-color: #F33}.failedeven td,.stripe .attn {background-color: #D00}.stacktrace {white-space:pre;font-family:monospace}.totop {font-size:85%;text-align:center;border-bottom:2px solid #000}.invisible {display:none}</style>
</head>
<body>
<table>
<tr><th>Test</th><th># Passed</th><th># Skipped</th><th># Failed</th><th>Time (ms)</th><th>Included Groups</th><th>Excluded Groups</th></tr>
<tr><th colspan="7">Test Application</th></tr>
<tr><td><a href="#t0">Bank Manager Login Test</a></td><td class="num">0</td><td class="num">0</td><td class="num attn">1</td><td class="num">757</td><td></td><td></td></tr>
<tr class="stripe"><td><a href="#t1">Add Customer Test</a></td><td class="num">0</td><td class="num">0</td><td class="num attn">1</td><td class="num">3,358</td><td></td><td></td></tr>
<tr><td><a href="#t2">Opening Account Test</a></td><td class="num">0</td><td class="num">0</td><td class="num attn">1</td><td class="num">1,340</td><td></td><td></td></tr>
<tr><th>Total</th><th class="num">0</th><th class="num">0</th><th class="num attn">3</th><th class="num">5,455</th><th colspan="2"></th></tr>
</table>
<table id='summary'><thead><tr><th>Class</th><th>Method</th><th>Start</th><th>Time (ms)</th></tr></thead><tbody><tr><th colspan="4">Test Application</th></tr></tbody><tbody id="t0"><tr><th colspan="4">Bank Manager Login Test &#8212; failed</th></tr><tr class="failedeven"><td rowspan="1">testcases.BankManagerLoginTest</td><td><a href="#m0">loginAsBankManager</a></td><td rowspan="1">1559824406184</td><td rowspan="1">267</td></tr></tbody>
<tbody id="t1"><tr><th colspan="4">Add Customer Test &#8212; failed</th></tr><tr class="failedeven"><td rowspan="1">testcases.AddCustomerTest</td><td><a href="#m1">addCustomer</a></td><td rowspan="1">1559824406968</td><td rowspan="1">2888</td></tr></tbody>
<tbody id="t2"><tr><th colspan="4">Opening Account Test &#8212; failed</th></tr><tr class="failedeven"><td rowspan="1">testcases.OpenAccountTest</td><td><a href="#m2">openAccountTest</a></td><td rowspan="1">1559824410316</td><td rowspan="1">972</td></tr></tbody>
</table>
<h2>Bank Manager Login Test</h2><h3 id="m0">testcases.BankManagerLoginTest#loginAsBankManager</h3><table class="result"><tr><th>Messages</th></tr><tr><td><div class="messages"><a target='_blank' href='Thu_Jun_06_18_03_26_IST_2019.jpg'>Screen Shot Link</a><br/><br/><br/><a target='_blank' href='Thu_Jun_06_18_03_26_IST_2019.jpg'><img src='Thu_Jun_06_18_03_26_IST_2019.jpg' height=200 width=200 /></a></div></td></tr><tr><th>Exception</th></tr><tr><td><div class="stacktrace">java.lang.AssertionError: Bank Manager test failed forcefully
	at testcases.BankManagerLoginTest.loginAsBankManager(BankManagerLoginTest.java:13)
... Removed 29 stack frames</div></td></tr></table><p class="totop"><a href="#summary">back to summary</a></p>
<h2>Add Customer Test</h2><h3 id="m1">testcases.AddCustomerTest#addCustomer</h3><table class="result"><tr class="param"><th>Parameter #1</th><th>Parameter #2</th><th>Parameter #3</th></tr><tr class="param stripe"><td>rajant</td><td>arorat</td><td>rajanp</td></tr><tr><th colspan="3">Messages</th></tr><tr><td colspan="3"><div class="messages"><a target='_blank' href='Thu_Jun_06_18_03_29_IST_2019.jpg'>Screen Shot Link</a><br/><br/><br/><a target='_blank' href='Thu_Jun_06_18_03_29_IST_2019.jpg'><img src='Thu_Jun_06_18_03_29_IST_2019.jpg' height=200 width=200 /></a></div></td></tr><tr><th colspan="3">Exception</th></tr><tr><td colspan="3"><div class="stacktrace">java.lang.AssertionError: Add customer test failed forcefully
	at testcases.AddCustomerTest.addCustomer(AddCustomerTest.java:29)
... Removed 29 stack frames</div></td></tr></table><p class="totop"><a href="#summary">back to summary</a></p>
<h2>Opening Account Test</h2><h3 id="m2">testcases.OpenAccountTest#openAccountTest</h3><table class="result"><tr class="param"><th>Parameter #1</th><th>Parameter #2</th></tr><tr class="param stripe"><td>rajant arorat</td><td>Dollar</td></tr><tr><th colspan="2">Messages</th></tr><tr><td colspan="2"><div class="messages"><a target='_blank' href='Thu_Jun_06_18_03_31_IST_2019.jpg'>Screen Shot Link</a><br/><br/><br/><a target='_blank' href='Thu_Jun_06_18_03_31_IST_2019.jpg'><img src='Thu_Jun_06_18_03_31_IST_2019.jpg' height=200 width=200 /></a></div></td></tr><tr><th colspan="2">Exception</th></tr><tr><td colspan="2"><div class="stacktrace">java.lang.AssertionError: Open account test failed forcefully
	at testcases.OpenAccountTest.openAccountTest(OpenAccountTest.java:24)
... Removed 29 stack frames</div></td></tr></table><p class="totop"><a href="#summary">back to summary</a></p>
</body>
</html>
