<!DOCTYPE html PUBLIC "-//W3C//DTD XHTML 1.1//EN" "http://www.w3.org/TR/xhtml11/DTD/xhtml11.dtd">
<html xmlns="http://www.w3.org/1999/xhtml">
<head>
<meta http-equiv="content-type" content="text/html; charset=UTF-8"/>
<title>TestNG Report</title>
<style type="text/css">table {margin-bottom:10px;border-collapse:collapse;empty-cells:show}th,td {border:1px solid #009;padding:.25em .5em}th {vertical-align:bottom}td {vertical-align:top}table a {font-weight:bold}.stripe td {background-color: #E6EBF9}.num {text-align:right}.passedodd td {background-color: #3F3}.passedeven td {background-color: #0A0}.skippedodd td {background-color: #DDD}.skippedeven td {background-color: #CCC}.failedodd td,.attn {background-color: #F33}.failedeven td,.stripe .attn {background-color: #D00}.stacktrace {white-space:pre;font-family:monospace}.totop {font-size:85%;text-align:center;border-bottom:2px solid #000}.invisible {display:none}</style>
</head>
<body>
<table>
<tr><th>Test</th><th># Passed</th><th># Skipped</th><th># Failed</th><th>Time (ms)</th><th>Included Groups</th><th>Excluded Groups</th></tr>
<tr><th colspan="7">TestNG Learning</th></tr>
<tr><td><a href="#t0">Login Test</a></td><td class="num">2</td><td class="num">0</td><td class="num">0</td><td class="num">83</td><td></td><td></td></tr>
<tr class="stripe"><td><a href="#t1">Validate Title Test</a></td><td class="num">0</td><td class="num">0</td><td class="num attn">1</td><td class="num">17</td><td></td><td></td></tr>
<tr><td><a href="#t2">Dependency Test</a></td><td class="num">0</td><td class="num attn">2</td><td class="num attn">1</td><td class="num">25</td><td></td><td></td></tr>
<tr><th>Total</th><th class="num">2</th><th class="num attn">2</th><th class="num attn">2</th><th class="num">125</th><th colspan="2"></th></tr>
</table>
<table id='summary'><thead><tr><th>Class</th><th>Method</th><th>Start</th><th>Time (ms)</th></tr></thead><tbody><tr><th colspan="4">TestNG Learning</th></tr></tbody><tbody id="t0"><tr><th colspan="4">Login Test &#8212; passed</th></tr><tr class="passedeven"><td rowspan="2">testnglearning.Case1</td><td><a href="#m0">doLogin</a></td><td rowspan="1">1555222876857</td><td rowspan="1">4</td></tr><tr class="passedeven"><td><a href="#m1">doUserReg</a></td><td rowspan="1">1555222876823</td><td rowspan="1">10</td></tr></tbody>
<tbody id="t1"><tr><th colspan="4">Validate Title Test &#8212; failed</th></tr><tr class="failedeven"><td rowspan="1">testnglearning.Case2</td><td><a href="#m2">validateTitles</a></td><td rowspan="1">1555222876895</td><td rowspan="1">7</td></tr></tbody>
<tbody id="t2"><tr><th colspan="4">Dependency Test &#8212; failed</th></tr><tr class="failedeven"><td rowspan="1">testnglearning.Case3</td><td><a href="#m3">doUserReg</a></td><td rowspan="1">1555222876944</td><td rowspan="1">2</td></tr><tr><th colspan="4">Dependency Test &#8212; skipped</th></tr><tr class="skippedeven"><td rowspan="2">testnglearning.Case3</td><td><a href="#m4">doLogin</a></td><td rowspan="1">1555222876950</td><td rowspan="1">0</td></tr><tr class="skippedeven"><td><a href="#m5">isSkip</a></td><td rowspan="1">1555222876955</td><td rowspan="1">3</td></tr></tbody>
</table>
<h2>Login Test</h2><h3 id="m0">testnglearning.Case1#doLogin</h3><table class="result"><tr><th class="invisible"/></tr></table><p class="totop"><a href="#summary">back to summary</a></p>
<h3 id="m1">testnglearning.Case1#doUserReg</h3><table class="result"><tr><th class="invisible"/></tr></table><p class="totop"><a href="#summary">back to summary</a></p>
<h2>Validate Title Test</h2><h3 id="m2">testnglearning.Case2#validateTitles</h3><table class="result"><tr><th>Exception</th></tr><tr><td><div class="stacktrace">java.lang.AssertionError: The following asserts failed:
	expected [Yahoo.com] but found [Gmail.com],
	Element not found expected [true] but found [false],
	Test failed as the condition is not met
	at testnglearning.Case2.validateTitles(Case2.java:48)
... Removed 26 stack frames</div></td></tr></table><p class="totop"><a href="#summary">back to summary</a></p>
<h2>Dependency Test</h2><h3 id="m3">testnglearning.Case3#doUserReg</h3><table class="result"><tr><th>Exception</th></tr><tr><td><div class="stacktrace">java.lang.AssertionError: User not registered successfully
	at testnglearning.Case3.doUserReg(Case3.java:15)
... Removed 26 stack frames</div></td></tr></table><p class="totop"><a href="#summary">back to summary</a></p>
<h3 id="m4">testnglearning.Case3#doLogin</h3><table class="result"><tr><th>Exception</th></tr><tr><td><div class="stacktrace">java.lang.Throwable: Method Case3.doLogin()[pri:2, instance:testnglearning.Case3@1877ab81] depends on not successfully finished methods
... Removed 18 stack frames</div></td></tr></table><p class="totop"><a href="#summary">back to summary</a></p>
<h3 id="m5">testnglearning.Case3#isSkip</h3><table class="result"><tr><th>Exception</th></tr><tr><td><div class="stacktrace">org.testng.SkipException: Skipping the test as the condition is not met
	at testnglearning.Case3.isSkip(Case3.java:29)
... Removed 25 stack frames</div></td></tr></table><p class="totop"><a href="#summary">back to summary</a></p>
</body>
</html>
