<?xml version="1.0" encoding="UTF-8"?>
<testng-results skipped="1" failed="2" total="17" passed="14">
  <reporter-output>
  </reporter-output>
  <suite name="DemoTestSuite" duration-ms="143" started-at="2016-07-18T11:02:23Z" finished-at="2016-07-18T11:02:23Z">
    <groups>
    </groups>
    <test name="TestFirstModule" duration-ms="55" started-at="2016-07-18T11:02:23Z" finished-at="2016-07-18T11:02:23Z">
      <class name="DemoTestCases.DemoTestCase1">
        <test-method status="PASS" signature="testLogin()[pri:0, instance:DemoTestCases.DemoTestCase1@6a2bcfcb]" name="testLogin" duration-ms="11" started-at="2016-07-18T16:32:23Z" finished-at="2016-07-18T16:32:23Z">
          <reporter-output>
          </reporter-output>
        </test-method> <!-- testLogin -->
        <test-method status="PASS" signature="testRegistration()[pri:0, instance:DemoTestCases.DemoTestCase1@6a2bcfcb]" name="testRegistration" duration-ms="1" started-at="2016-07-18T16:32:23Z" finished-at="2016-07-18T16:32:23Z">
          <reporter-output>
          </reporter-output>
        </test-method> <!-- testRegistration -->
      </class> <!-- DemoTestCases.DemoTestCase1 -->
      <class name="DemoTestCases.DemoTestCase2">
        <test-method status="PASS" signature="testRegistration()[pri:1, instance:DemoTestCases.DemoTestCase2@4de8b406]" name="testRegistration" duration-ms="2" started-at="2016-07-18T16:32:23Z" finished-at="2016-07-18T16:32:23Z">
          <reporter-output>
          </reporter-output>
        </test-method> <!-- testRegistration -->
        <test-method status="PASS" signature="testLogin()[pri:2, instance:DemoTestCases.DemoTestCase2@4de8b406]" name="testLogin" duration-ms="1" started-at="2016-07-18T16:32:23Z" finished-at="2016-07-18T16:32:23Z">
          <reporter-output>
          </reporter-output>
        </test-method> <!-- testLogin -->
      </class> <!-- DemoTestCases.DemoTestCase2 -->
      <class name="DemoTestCases.DemoTestCase3">
        <test-method status="PASS" signature="launchBrowser()[pri:0, instance:DemoTestCases.DemoTestCase3@3c756e4d]" name="launchBrowser" is-config="true" duration-ms="0" started-at="2016-07-18T16:32:23Z" finished-at="2016-07-18T16:32:23Z">
          <reporter-output>
          </reporter-output>
        </test-method> <!-- launchBrowser -->
        <test-method status="PASS" signature="testRegistration()[pri:1, instance:DemoTestCases.DemoTestCase3@3c756e4d]" name="testRegistration" duration-ms="2" started-at="2016-07-18T16:32:23Z" finished-at="2016-07-18T16:32:23Z">
          <reporter-output>
          </reporter-output>
        </test-method> <!-- testRegistration -->
        <test-method status="PASS" signature="closeBrowser()[pri:0, instance:DemoTestCases.DemoTestCase3@3c756e4d]" name="closeBrowser" is-config="true" duration-ms="1" started-at="2016-07-18T16:32:23Z" finished-at="2016-07-18T16:32:23Z">
          <reporter-output>
          </reporter-output>
        </test-method> <!-- closeBrowser -->
        <test-method status="PASS" signature="launchBrowser()[pri:0, instance:DemoTestCases.DemoTestCase3@3c756e4d]" name="launchBrowser" is-config="true" duration-ms="0" started-at="2016-07-18T16:32:23Z" finished-at="2016-07-18T16:32:23Z">
          <reporter-output>
          </reporter-output>
        </test-method> <!-- launchBrowser -->
        <test-method status="PASS" signature="testLogin()[pri:2, instance:DemoTestCases.DemoTestCase3@3c756e4d]" name="testLogin" duration-ms="2" started-at="2016-07-18T16:32:23Z" finished-at="2016-07-18T16:32:23Z">
          <reporter-output>
          </reporter-output>
        </test-method> <!-- testLogin -->
        <test-method status="PASS" signature="closeBrowser()[pri:0, instance:DemoTestCases.DemoTestCase3@3c756e4d]" name="closeBrowser" is-config="true" duration-ms="0" started-at="2016-07-18T16:32:23Z" finished-at="2016-07-18T16:32:23Z">
          <reporter-output>
          </reporter-output>
        </test-method> <!-- closeBrowser -->
      </class> <!-- DemoTestCases.DemoTestCase3 -->
    </test> <!-- TestFirstModule -->
    <test name="TestSecondModule" duration-ms="47" started-at="2016-07-18T11:02:23Z" finished-at="2016-07-18T11:02:23Z">
      <class name="DemoTestCases.DemoTestCase5">
        <test-method status="PASS" signature="launchBrowser()[pri:0, instance:DemoTestCases.DemoTestCase5@4520ebad]" name="launchBrowser" is-config="true" duration-ms="0" started-at="2016-07-18T16:32:23Z" finished-at="2016-07-18T16:32:23Z">
          <reporter-output>
          </reporter-output>
        </test-method> <!-- launchBrowser -->
        <test-method status="PASS" signature="isSignUpButtonVisible()[pri:0, instance:DemoTestCases.DemoTestCase5@4520ebad]" name="isSignUpButtonVisible" duration-ms="3" started-at="2016-07-18T16:32:23Z" finished-at="2016-07-18T16:32:23Z">
          <reporter-output>
          </reporter-output>
        </test-method> <!-- isSignUpButtonVisible -->
        <test-method status="PASS" signature="closeBrowser()[pri:0, instance:DemoTestCases.DemoTestCase5@4520ebad]" name="closeBrowser" is-config="true" duration-ms="1" started-at="2016-07-18T16:32:23Z" finished-at="2016-07-18T16:32:23Z">
          <reporter-output>
          </reporter-output>
        </test-method> <!-- closeBrowser -->
        <test-method status="PASS" signature="launchBrowser()[pri:0, instance:DemoTestCases.DemoTestCase5@4520ebad]" name="launchBrowser" is-config="true" duration-ms="0" started-at="2016-07-18T16:32:23Z" finished-at="2016-07-18T16:32:23Z">
          <reporter-output>
          </reporter-output>
        </test-method> <!-- launchBrowser -->
        <test-method status="PASS" signature="isWebGuiVisible()[pri:0, instance:DemoTestCases.DemoTestCase5@4520ebad]" name="isWebGuiVisible" duration-ms="1" started-at="2016-07-18T16:32:23Z" finished-at="2016-07-18T16:32:23Z">
          <reporter-output>
          </reporter-output>
        </test-method> <!-- isWebGuiVisible -->
        <test-method status="PASS" signature="closeBrowser()[pri:0, instance:DemoTestCases.DemoTestCase5@4520ebad]" name="closeBrowser" is-config="true" duration-ms="1" started-at="2016-07-18T16:32:23Z" finished-at="2016-07-18T16:32:23Z">
          <reporter-output>
          </reporter-output>
        </test-method> <!-- closeBrowser -->
        <test-method status="PASS" signature="launchBrowser()[pri:0, instance:DemoTestCases.DemoTestCase5@4520ebad]" name="launchBrowser" is-config="true" duration-ms="1" started-at="2016-07-18T16:32:23Z" finished-at="2016-07-18T16:32:23Z">
          <reporter-output>
          </reporter-output>
        </test-method> <!-- launchBrowser -->
        <test-method status="PASS" signature="isRegistrationGUIVisible()[pri:0, instance:DemoTestCases.DemoTestCase5@4520ebad]" name="isRegistrationGUIVisible" duration-ms="1" started-at="2016-07-18T16:32:23Z" depends-on-methods="DemoTestCases.DemoTestCase5.isSignUpButtonVisible" finished-at="2016-07-18T16:32:23Z">
          <reporter-output>
          </reporter-output>
        </test-method> <!-- isRegistrationGUIVisible -->
        <test-method status="PASS" signature="closeBrowser()[pri:0, instance:DemoTestCases.DemoTestCase5@4520ebad]" name="closeBrowser" is-config="true" duration-ms="1" started-at="2016-07-18T16:32:23Z" finished-at="2016-07-18T16:32:23Z">
          <reporter-output>
          </reporter-output>
        </test-method> <!-- closeBrowser -->
        <test-method status="PASS" signature="launchBrowser()[pri:0, instance:DemoTestCases.DemoTestCase5@4520ebad]" name="launchBrowser" is-config="true" duration-ms="0" started-at="2016-07-18T16:32:23Z" finished-at="2016-07-18T16:32:23Z">
          <reporter-output>
          </reporter-output>
        </test-method> <!-- launchBrowser -->
        <test-method status="PASS" signature="testRegistration()[pri:1, instance:DemoTestCases.DemoTestCase5@4520ebad]" name="testRegistration" duration-ms="1" started-at="2016-07-18T16:32:23Z" depends-on-methods="DemoTestCases.DemoTestCase5.isRegistrationGUIVisible" finished-at="2016-07-18T16:32:23Z">
          <reporter-output>
          </reporter-output>
        </test-method> <!-- testRegistration -->
        <test-method status="PASS" signature="closeBrowser()[pri:0, instance:DemoTestCases.DemoTestCase5@4520ebad]" name="closeBrowser" is-config="true" duration-ms="0" started-at="2016-07-18T16:32:23Z" finished-at="2016-07-18T16:32:23Z">
          <reporter-output>
          </reporter-output>
        </test-method> <!-- closeBrowser -->
        <test-method status="PASS" signature="launchBrowser()[pri:0, instance:DemoTestCases.DemoTestCase5@4520ebad]" name="launchBrowser" is-config="true" duration-ms="0" started-at="2016-07-18T16:32:23Z" finished-at="2016-07-18T16:32:23Z">
          <reporter-output>
          </reporter-output>
        </test-method> <!-- launchBrowser -->
        <test-method status="PASS" signature="testLogin()[pri:2, instance:DemoTestCases.DemoTestCase5@4520ebad]" name="testLogin" duration-ms="2" started-at="2016-07-18T16:32:23Z" finished-at="2016-07-18T16:32:23Z">
          <reporter-output>
          </reporter-output>
        </test-method> <!-- testLogin -->
        <test-method status="PASS" signature="closeBrowser()[pri:0, instance:DemoTestCases.DemoTestCase5@4520ebad]" name="closeBrowser" is-config="true" duration-ms="1" started-at="2016-07-18T16:32:23Z" finished-at="2016-07-18T16:32:23Z">
          <reporter-output>
          </reporter-output>
        </test-method> <!-- closeBrowser -->
      </class> <!-- DemoTestCases.DemoTestCase5 -->
      <class name="DemoTestCases.DemoTestCase6">
        <test-method status="FAIL" signature="demoFailAnotherTest()[pri:0, instance:DemoTestCases.DemoTestCase6@5419f379]" name="demoFailAnotherTest" duration-ms="3" started-at="2016-07-18T16:32:23Z" finished-at="2016-07-18T16:32:23Z">
          <exception class="java.lang.AssertionError">
            <message>
              <![CDATA[DemoTestCase6=>It has been failed, because condition is not met expected [true] but found [false]]]>
            </message>
            <full-stacktrace>
              <![CDATA[java.lang.AssertionError: DemoTestCase6=>It has been failed, because condition is not met expected [true] but found [false]
	at org.testng.Assert.fail(Assert.java:94)
	at org.testng.Assert.failNotEquals(Assert.java:513)
	at org.testng.Assert.assertTrue(Assert.java:42)
	at DemoTestCases.DemoTestCase6.demoFailAnotherTest(DemoTestCase6.java:39)
	at sun.reflect.NativeMethodAccessorImpl.invoke0(Native Method)
	at sun.reflect.NativeMethodAccessorImpl.invoke(NativeMethodAccessorImpl.java:62)
	at sun.reflect.DelegatingMethodAccessorImpl.invoke(DelegatingMethodAccessorImpl.java:43)
	at java.lang.reflect.Method.invoke(Method.java:497)
	at org.testng.internal.MethodInvocationHelper.invokeMethod(MethodInvocationHelper.java:100)
	at org.testng.internal.Invoker.invokeMethod(Invoker.java:646)
	at org.testng.internal.Invoker.invokeTestMethod(Invoker.java:811)
	at org.testng.internal.Invoker.invokeTestMethods(Invoker.java:1129)
	at org.testng.internal.TestMethodWorker.invokeTestMethods(TestMethodWorker.java:129)
	at org.testng.internal.TestMethodWorker.run(TestMethodWorker.java:112)
	at org.testng.TestRunner.privateRun(TestRunner.java:746)
	at org.testng.TestRunner.run(TestRunner.java:600)
	at org.testng.SuiteRunner.runTest(SuiteRunner.java:366)
	at org.testng.SuiteRunner.runSequentially(SuiteRunner.java:361)
	at org.testng.SuiteRunner.privateRun(SuiteRunner.java:319)
	at org.testng.SuiteRunner.run(SuiteRunner.java:268)
	at org.testng.SuiteRunnerWorker.runSuite(SuiteRunnerWorker.java:52)
	at org.testng.SuiteRunnerWorker.run(SuiteRunnerWorker.java:86)
	at org.testng.TestNG.runSuitesSequentially(TestNG.java:1264)
	at org.testng.TestNG.runSuitesLocally(TestNG.java:1189)
	at org.testng.TestNG.runSuites(TestNG.java:1104)
	at org.testng.TestNG.run(TestNG.java:1076)
	at org.testng.remote.AbstractRemoteTestNG.run(AbstractRemoteTestNG.java:126)
	at org.testng.remote.RemoteTestNG.initAndRun(RemoteTestNG.java:152)
	at org.testng.remote.RemoteTestNG.main(RemoteTestNG.java:57)
]]>
            </full-stacktrace>
          </exception> <!-- java.lang.AssertionError -->
          <reporter-output>
          </reporter-output>
        </test-method> <!-- demoFailAnotherTest -->
        <test-method status="FAIL" signature="demoFailTest()[pri:0, instance:DemoTestCases.DemoTestCase6@5419f379]" name="demoFailTest" duration-ms="1" started-at="2016-07-18T16:32:23Z" finished-at="2016-07-18T16:32:23Z">
          <exception class="java.lang.AssertionError">
            <message>
              <![CDATA[expected [DemoTestCase6_bye] but found [DemoTestCase6_hello]]]>
            </message>
            <full-stacktrace>
              <![CDATA[java.lang.AssertionError: expected [DemoTestCase6_bye] but found [DemoTestCase6_hello]
	at org.testng.Assert.fail(Assert.java:94)
	at org.testng.Assert.failNotEquals(Assert.java:513)
	at org.testng.Assert.assertEqualsImpl(Assert.java:135)
	at org.testng.Assert.assertEquals(Assert.java:116)
	at org.testng.Assert.assertEquals(Assert.java:190)
	at org.testng.Assert.assertEquals(Assert.java:200)
	at DemoTestCases.DemoTestCase6.demoFailTest(DemoTestCase6.java:27)
	at sun.reflect.NativeMethodAccessorImpl.invoke0(Native Method)
	at sun.reflect.NativeMethodAccessorImpl.invoke(NativeMethodAccessorImpl.java:62)
	at sun.reflect.DelegatingMethodAccessorImpl.invoke(DelegatingMethodAccessorImpl.java:43)
	at java.lang.reflect.Method.invoke(Method.java:497)
	at org.testng.internal.MethodInvocationHelper.invokeMethod(MethodInvocationHelper.java:100)
	at org.testng.internal.Invoker.invokeMethod(Invoker.java:646)
	at org.testng.internal.Invoker.invokeTestMethod(Invoker.java:811)
	at org.testng.internal.Invoker.invokeTestMethods(Invoker.java:1129)
	at org.testng.internal.TestMethodWorker.invokeTestMethods(TestMethodWorker.java:129)
	at org.testng.internal.TestMethodWorker.run(TestMethodWorker.java:112)
	at org.testng.TestRunner.privateRun(TestRunner.java:746)
	at org.testng.TestRunner.run(TestRunner.java:600)
	at org.testng.SuiteRunner.runTest(SuiteRunner.java:366)
	at org.testng.SuiteRunner.runSequentially(SuiteRunner.java:361)
	at org.testng.SuiteRunner.privateRun(SuiteRunner.java:319)
	at org.testng.SuiteRunner.run(SuiteRunner.java:268)
	at org.testng.SuiteRunnerWorker.runSuite(SuiteRunnerWorker.java:52)
	at org.testng.SuiteRunnerWorker.run(SuiteRunnerWorker.java:86)
	at org.testng.TestNG.runSuitesSequentially(TestNG.java:1264)
	at org.testng.TestNG.runSuitesLocally(TestNG.java:1189)
	at org.testng.TestNG.runSuites(TestNG.java:1104)
	at org.testng.TestNG.run(TestNG.java:1076)
	at org.testng.remote.AbstractRemoteTestNG.run(AbstractRemoteTestNG.java:126)
	at org.testng.remote.RemoteTestNG.initAndRun(RemoteTestNG.java:152)
	at org.testng.remote.RemoteTestNG.main(RemoteTestNG.java:57)
]]>
            </full-stacktrace>
          </exception> <!-- java.lang.AssertionError -->
          <reporter-output>
          </reporter-output>
        </test-method> <!-- demoFailTest -->
        <test-method status="PASS" signature="demoPassTest()[pri:0, instance:DemoTestCases.DemoTestCase6@5419f379]" name="demoPassTest" duration-ms="1" started-at="2016-07-18T16:32:23Z" finished-at="2016-07-18T16:32:23Z">
          <reporter-output>
          </reporter-output>
        </test-method> <!-- demoPassTest -->
        <test-method status="SKIP" signature="demoSkipTest()[pri:0, instance:DemoTestCases.DemoTestCase6@5419f379]" name="demoSkipTest" duration-ms="2" started-at="2016-07-18T16:32:23Z" finished-at="2016-07-18T16:32:23Z">
          <exception class="org.testng.SkipException">
            <message>
              <![CDATA[DemoTestCase6=>This test has been skipped, as of now, it is not in use]]>
            </message>
            <full-stacktrace>
              <![CDATA[org.testng.SkipException: DemoTestCase6=>This test has been skipped, as of now, it is not in use
	at DemoTestCases.DemoTestCase6.demoSkipTest(DemoTestCase6.java:33)
	at sun.reflect.NativeMethodAccessorImpl.invoke0(Native Method)
	at sun.reflect.NativeMethodAccessorImpl.invoke(NativeMethodAccessorImpl.java:62)
	at sun.reflect.DelegatingMethodAccessorImpl.invoke(DelegatingMethodAccessorImpl.java:43)
	at java.lang.reflect.Method.invoke(Method.java:497)
	at org.testng.internal.MethodInvocationHelper.invokeMethod(MethodInvocationHelper.java:100)
	at org.testng.internal.Invoker.invokeMethod(Invoker.java:646)
	at org.testng.internal.Invoker.invokeTestMethod(Invoker.java:811)
	at org.testng.internal.Invoker.invokeTestMethods(Invoker.java:1129)
	at org.testng.internal.TestMethodWorker.invokeTestMethods(TestMethodWorker.java:129)
	at org.testng.internal.TestMethodWorker.run(TestMethodWorker.java:112)
	at org.testng.TestRunner.privateRun(TestRunner.java:746)
	at org.testng.TestRunner.run(TestRunner.java:600)
	at org.testng.SuiteRunner.runTest(SuiteRunner.java:366)
	at org.testng.SuiteRunner.runSequentially(SuiteRunner.java:361)
	at org.testng.SuiteRunner.privateRun(SuiteRunner.java:319)
	at org.testng.SuiteRunner.run(SuiteRunner.java:268)
	at org.testng.SuiteRunnerWorker.runSuite(SuiteRunnerWorker.java:52)
	at org.testng.SuiteRunnerWorker.run(SuiteRunnerWorker.java:86)
	at org.testng.TestNG.runSuitesSequentially(TestNG.java:1264)
	at org.testng.TestNG.runSuitesLocally(TestNG.java:1189)
	at org.testng.TestNG.runSuites(TestNG.java:1104)
	at org.testng.TestNG.run(TestNG.java:1076)
	at org.testng.remote.AbstractRemoteTestNG.run(AbstractRemoteTestNG.java:126)
	at org.testng.remote.RemoteTestNG.initAndRun(RemoteTestNG.java:152)
	at org.testng.remote.RemoteTestNG.main(RemoteTestNG.java:57)
]]>
            </full-stacktrace>
          </exception> <!-- org.testng.SkipException -->
          <reporter-output>
          </reporter-output>
        </test-method> <!-- demoSkipTest -->
      </class> <!-- DemoTestCases.DemoTestCase6 -->
      <class name="DemoTestCases.DemoTestCase4">
        <test-method status="PASS" signature="init()[pri:0, instance:DemoTestCases.DemoTestCase5@4520ebad]" name="init" is-config="true" duration-ms="0" started-at="2016-07-18T16:32:23Z" finished-at="2016-07-18T16:32:23Z">
          <reporter-output>
          </reporter-output>
        </test-method> <!-- init -->
        <test-method status="PASS" signature="init()[pri:0, instance:DemoTestCases.DemoTestCase4@58651fd0]" name="init" is-config="true" duration-ms="0" started-at="2016-07-18T16:32:23Z" finished-at="2016-07-18T16:32:23Z">
          <reporter-output>
          </reporter-output>
        </test-method> <!-- init -->
        <test-method status="PASS" signature="launchBrowser()[pri:0, instance:DemoTestCases.DemoTestCase4@58651fd0]" name="launchBrowser" is-config="true" duration-ms="0" started-at="2016-07-18T16:32:23Z" finished-at="2016-07-18T16:32:23Z">
          <reporter-output>
          </reporter-output>
        </test-method> <!-- launchBrowser -->
        <test-method status="PASS" signature="testRegistration()[pri:1, instance:DemoTestCases.DemoTestCase4@58651fd0]" name="testRegistration" duration-ms="1" started-at="2016-07-18T16:32:23Z" finished-at="2016-07-18T16:32:23Z">
          <reporter-output>
          </reporter-output>
        </test-method> <!-- testRegistration -->
        <test-method status="PASS" signature="closeBrowser()[pri:0, instance:DemoTestCases.DemoTestCase4@58651fd0]" name="closeBrowser" is-config="true" duration-ms="0" started-at="2016-07-18T16:32:23Z" finished-at="2016-07-18T16:32:23Z">
          <reporter-output>
          </reporter-output>
        </test-method> <!-- closeBrowser -->
        <test-method status="PASS" signature="launchBrowser()[pri:0, instance:DemoTestCases.DemoTestCase4@58651fd0]" name="launchBrowser" is-config="true" duration-ms="1" started-at="2016-07-18T16:32:23Z" finished-at="2016-07-18T16:32:23Z">
          <reporter-output>
          </reporter-output>
        </test-method> <!-- launchBrowser -->
        <test-method status="PASS" signature="testLogin()[pri:2, instance:DemoTestCases.DemoTestCase4@58651fd0]" name="testLogin" duration-ms="1" started-at="2016-07-18T16:32:23Z" finished-at="2016-07-18T16:32:23Z">
          <reporter-output>
          </reporter-output>
        </test-method> <!-- testLogin -->
        <test-method status="PASS" signature="closeBrowser()[pri:0, instance:DemoTestCases.DemoTestCase4@58651fd0]" name="closeBrowser" is-config="true" duration-ms="0" started-at="2016-07-18T16:32:23Z" finished-at="2016-07-18T16:32:23Z">
          <reporter-output>
          </reporter-output>
        </test-method> <!-- closeBrowser -->
        <test-method status="PASS" signature="dispose()[pri:0, instance:DemoTestCases.DemoTestCase5@4520ebad]" name="dispose" is-config="true" duration-ms="1" started-at="2016-07-18T16:32:23Z" finished-at="2016-07-18T16:32:23Z">
          <reporter-output>
          </reporter-output>
        </test-method> <!-- dispose -->
        <test-method status="PASS" signature="dispose()[pri:0, instance:DemoTestCases.DemoTestCase4@58651fd0]" name="dispose" is-config="true" duration-ms="0" started-at="2016-07-18T16:32:23Z" finished-at="2016-07-18T16:32:23Z">
          <reporter-output>
          </reporter-output>
        </test-method> <!-- dispose -->
      </class> <!-- DemoTestCases.DemoTestCase4 -->
    </test> <!-- TestSecondModule -->
  </suite> <!-- DemoTestSuite -->
</testng-results>
