<html>
<head>
<title>TestNG:  Test</title>
<link href="../testng.css" rel="stylesheet" type="text/css" />
<link href="../my-testng.css" rel="stylesheet" type="text/css" />

<style type="text/css">
.log { display: none;} 
.stack-trace { display: none;} 
</style>
<script type="text/javascript">
<!--
function flip(e) {
  current = e.style.display;
  if (current == 'block') {
    e.style.display = 'none';
    return 0;
  }
  else {
    e.style.display = 'block';
    return 1;
  }
}

function toggleBox(szDivId, elem, msg1, msg2)
{
  var res = -1;  if (document.getElementById) {
    res = flip(document.getElementById(szDivId));
  }
  else if (document.all) {
    // this is the way old msie versions work
    res = flip(document.all[szDivId]);
  }
  if(elem) {
    if(res == 0) elem.innerHTML = msg1; else elem.innerHTML = msg2;
  }

}

function toggleAllBoxes() {
  if (document.getElementsByTagName) {
    d = document.getElementsByTagName('div');
    for (i = 0; i < d.length; i++) {
      if (d[i].className == 'log') {
        flip(d[i]);
      }
    }
  }
}

// -->
</script>

</head>
<body>
<h2 align='center'>Test</h2><table border='1' align="center">
<tr>
<td>Tests passed/Failed/Skipped:</td><td>11/2/1</td>
</tr><tr>
<td>Started on:</td><td>Thu May 30 17:25:08 IST 2019</td>
</tr>
<tr><td>Total time:</td><td>0 seconds (114 ms)</td>
</tr><tr>
<td>Included groups:</td><td></td>
</tr><tr>
<td>Excluded groups:</td><td></td>
</tr>
</table><p/>
<small><i>(Hover the method name to see the test class name)</i></small><p/>
<table width='100%' border='1' class='invocation-failed'>
<tr><td colspan='4' align='center'><b>FAILED TESTS</b></td></tr>
<tr><td><b>Test method</b></td>
<td width="30%"><b>Exception</b></td>
<td width="10%"><b>Time (seconds)</b></td>
<td><b>Instance</b></td>
</tr>
<tr>
<td title='TestCases.TestTryCatchScreenShot_11.TesCaseTryCatchFailedForScreenShot()'><b>TesCaseTryCatchFailedForScreenShot</b><br>Test class: TestCases.TestTryCatchScreenShot_11<br/>
<a href="#Output-1413246829" onClick='toggleBox("Output-1413246829", this, "Show output", "Hide output");'>Show output</a>

<a href="#Output-1413246829" onClick="toggleAllBoxes();">Show all outputs</a>
<div class='log' id="Output-1413246829">
<a target='_blank' href='D:\Rajan\Selenium-Practice\19-TestNGLearning\src\test\resources\screenshots\failure\fail-login-test.jpg'><img src='D:\Rajan\Selenium-Practice\19-TestNGLearning\src\test\resources\screenshots\failure\fail-login-test.jpg' height=50 width=50/></a><br/>
</div>
</td>
<td><div><pre>java.lang.AssertionError: TesCaseTryCatchFailedForScreenShot Test Case is failed.
	at TestCases.TestTryCatchScreenShot_11.TesCaseTryCatchFailedForScreenShot(TestTryCatchScreenShot_11.java:14)
... Removed 26 stack frames</pre></div><a href='#' onClick='toggleBox("stack-trace1413246829", this, "Click to show all stack frames", "Click to hide stack frames")'>Click to show all stack frames</a>
<div class='stack-trace' id='stack-trace1413246829'><pre>java.lang.AssertionError: TesCaseTryCatchFailedForScreenShot Test Case is failed.
	at org.testng.Assert.fail(Assert.java:96)
	at TestCases.TestTryCatchScreenShot_11.TesCaseTryCatchFailedForScreenShot(TestTryCatchScreenShot_11.java:14)
	at sun.reflect.NativeMethodAccessorImpl.invoke0(Native Method)
	at sun.reflect.NativeMethodAccessorImpl.invoke(Unknown Source)
	at sun.reflect.DelegatingMethodAccessorImpl.invoke(Unknown Source)
	at java.lang.reflect.Method.invoke(Unknown Source)
	at org.testng.internal.MethodInvocationHelper.invokeMethod(MethodInvocationHelper.java:124)
	at org.testng.internal.Invoker.invokeMethod(Invoker.java:583)
	at org.testng.internal.Invoker.invokeTestMethod(Invoker.java:719)
	at org.testng.internal.Invoker.invokeTestMethods(Invoker.java:989)
	at org.testng.internal.TestMethodWorker.invokeTestMethods(TestMethodWorker.java:125)
	at org.testng.internal.TestMethodWorker.run(TestMethodWorker.java:109)
	at org.testng.TestRunner.privateRun(TestRunner.java:648)
	at org.testng.TestRunner.run(TestRunner.java:505)
	at org.testng.SuiteRunner.runTest(SuiteRunner.java:455)
	at org.testng.SuiteRunner.runSequentially(SuiteRunner.java:450)
	at org.testng.SuiteRunner.privateRun(SuiteRunner.java:415)
	at org.testng.SuiteRunner.run(SuiteRunner.java:364)
	at org.testng.SuiteRunnerWorker.runSuite(SuiteRunnerWorker.java:52)
	at org.testng.SuiteRunnerWorker.run(SuiteRunnerWorker.java:84)
	at org.testng.TestNG.runSuitesSequentially(TestNG.java:1208)
	at org.testng.TestNG.runSuitesLocally(TestNG.java:1137)
	at org.testng.TestNG.runSuites(TestNG.java:1049)
	at org.testng.TestNG.run(TestNG.java:1017)
	at org.testng.remote.AbstractRemoteTestNG.run(AbstractRemoteTestNG.java:115)
	at org.testng.remote.RemoteTestNG.initAndRun(RemoteTestNG.java:251)
	at org.testng.remote.RemoteTestNG.main(RemoteTestNG.java:77)
</pre></div></td>
<td>0</td>
<td>TestCases.TestTryCatchScreenShot_11@2758fe70</td></tr>
<tr>
<td title='TestCases.TestDependOn_9.TestFacebookRegistration()'><b>TestFacebookRegistration</b><br>Test class: TestCases.TestDependOn_9<br/>
<a href="#Output-1453128758" onClick='toggleBox("Output-1453128758", this, "Show output", "Hide output");'>Show output</a>

<a href="#Output-1453128758" onClick="toggleAllBoxes();">Show all outputs</a>
<div class='log' id="Output-1453128758">
<a target='_blank' href='D:\Rajan\Selenium-Practice\19-TestNGLearning\src\test\resources\screenshots\failure\fail-login-test.jpg'><img src='D:\Rajan\Selenium-Practice\19-TestNGLearning\src\test\resources\screenshots\failure\fail-login-test.jpg' height=50 width=50/></a><br/>
</div>
</td>
<td><div><pre>java.lang.AssertionError: Registration Test Case is failed
	at TestCases.TestDependOn_9.TestFacebookRegistration(TestDependOn_9.java:13)
... Removed 26 stack frames</pre></div><a href='#' onClick='toggleBox("stack-trace1453128758", this, "Click to show all stack frames", "Click to hide stack frames")'>Click to show all stack frames</a>
<div class='stack-trace' id='stack-trace1453128758'><pre>java.lang.AssertionError: Registration Test Case is failed
	at org.testng.Assert.fail(Assert.java:96)
	at TestCases.TestDependOn_9.TestFacebookRegistration(TestDependOn_9.java:13)
	at sun.reflect.NativeMethodAccessorImpl.invoke0(Native Method)
	at sun.reflect.NativeMethodAccessorImpl.invoke(Unknown Source)
	at sun.reflect.DelegatingMethodAccessorImpl.invoke(Unknown Source)
	at java.lang.reflect.Method.invoke(Unknown Source)
	at org.testng.internal.MethodInvocationHelper.invokeMethod(MethodInvocationHelper.java:124)
	at org.testng.internal.Invoker.invokeMethod(Invoker.java:583)
	at org.testng.internal.Invoker.invokeTestMethod(Invoker.java:719)
	at org.testng.internal.Invoker.invokeTestMethods(Invoker.java:989)
	at org.testng.internal.TestMethodWorker.invokeTestMethods(TestMethodWorker.java:125)
	at org.testng.internal.TestMethodWorker.run(TestMethodWorker.java:109)
	at org.testng.TestRunner.privateRun(TestRunner.java:648)
	at org.testng.TestRunner.run(TestRunner.java:505)
	at org.testng.SuiteRunner.runTest(SuiteRunner.java:455)
	at org.testng.SuiteRunner.runSequentially(SuiteRunner.java:450)
	at org.testng.SuiteRunner.privateRun(SuiteRunner.java:415)
	at org.testng.SuiteRunner.run(SuiteRunner.java:364)
	at org.testng.SuiteRunnerWorker.runSuite(SuiteRunnerWorker.java:52)
	at org.testng.SuiteRunnerWorker.run(SuiteRunnerWorker.java:84)
	at org.testng.TestNG.runSuitesSequentially(TestNG.java:1208)
	at org.testng.TestNG.runSuitesLocally(TestNG.java:1137)
	at org.testng.TestNG.runSuites(TestNG.java:1049)
	at org.testng.TestNG.run(TestNG.java:1017)
	at org.testng.remote.AbstractRemoteTestNG.run(AbstractRemoteTestNG.java:115)
	at org.testng.remote.RemoteTestNG.initAndRun(RemoteTestNG.java:251)
	at org.testng.remote.RemoteTestNG.main(RemoteTestNG.java:77)
</pre></div></td>
<td>0</td>
<td>TestCases.TestDependOn_9@3701eaf6</td></tr>
</table><p>
<table width='100%' border='1' class='invocation-passed'>
<tr><td colspan='4' align='center'><b>PASSED TESTS</b></td></tr>
<tr><td><b>Test method</b></td>
<td width="30%"><b>Exception</b></td>
<td width="10%"><b>Time (seconds)</b></td>
<td><b>Instance</b></td>
</tr>
<tr>
<td title='TestCases.TestAssertEquals_6.TestFacebookRegistration()'><b>TestFacebookRegistration</b><br>Test class: TestCases.TestAssertEquals_6</td>
<td></td>
<td>0</td>
<td>TestCases.TestAssertEquals_6@23e028a9</td></tr>
<tr>
<td title='TestCases.TestAssertTrue_7.TestFacebookRegistration()'><b>TestFacebookRegistration</b><br>Test class: TestCases.TestAssertTrue_7</td>
<td></td>
<td>0</td>
<td>TestCases.TestAssertTrue_7@3dd4520b</td></tr>
<tr>
<td title='TestCases.TestPriority_2.TestFacebookRegistration()'><b>TestFacebookRegistration</b><br>Test class: TestCases.TestPriority_2</td>
<td></td>
<td>0</td>
<td>TestCases.TestPriority_2@627551fb</td></tr>
<tr>
<td title='TestCases.TestMultipleAssertionTestCase_8.TestFacebookRegistration()'><b>TestFacebookRegistration</b><br>Test class: TestCases.TestMultipleAssertionTestCase_8</td>
<td></td>
<td>0</td>
<td>TestCases.TestMultipleAssertionTestCase_8@5ae63ade</td></tr>
<tr>
<td title='TestCases.TestBeforeAfterAllTestCases_4.TestFacebookRegistration()'><b>TestFacebookRegistration</b><br>Test class: TestCases.TestBeforeAfterAllTestCases_4</td>
<td></td>
<td>0</td>
<td>TestCases.TestBeforeAfterAllTestCases_4@610694f1</td></tr>
<tr>
<td title='TestCases.TestForceFullyFail_5.TestFacebookRegistration()'><b>TestFacebookRegistration</b><br>Test class: TestCases.TestForceFullyFail_5</td>
<td></td>
<td>0</td>
<td>TestCases.TestForceFullyFail_5@43814d18</td></tr>
<tr>
<td title='TestCases.TestBeforeAfterTestCase_3.TestFacebookRegistration()'><b>TestFacebookRegistration</b><br>Test class: TestCases.TestBeforeAfterTestCase_3</td>
<td></td>
<td>0</td>
<td>TestCases.TestBeforeAfterTestCase_3@1f36e637</td></tr>
<tr>
<td title='TestCases.TestAnno_1.TestFooter()'><b>TestFooter</b><br>Test class: TestCases.TestAnno_1</td>
<td></td>
<td>0</td>
<td>TestCases.TestAnno_1@5c5a1b69</td></tr>
<tr>
<td title='TestCases.TestAnno_1.TestHeade()'><b>TestHeade</b><br>Test class: TestCases.TestAnno_1</td>
<td></td>
<td>0</td>
<td>TestCases.TestAnno_1@5c5a1b69</td></tr>
<tr>
<td title='TestCases.TestAnno_1.TestNumberOfLinks()'><b>TestNumberOfLinks</b><br>Test class: TestCases.TestAnno_1</td>
<td></td>
<td>0</td>
<td>TestCases.TestAnno_1@5c5a1b69</td></tr>
<tr>
<td title='TestCases.TestAnno_1.TestTitle()'><b>TestTitle</b><br>Test class: TestCases.TestAnno_1</td>
<td></td>
<td>0</td>
<td>TestCases.TestAnno_1@5c5a1b69</td></tr>
</table><p>
<table width='100%' border='1' class='invocation-skipped'>
<tr><td colspan='4' align='center'><b>SKIPPED TESTS</b></td></tr>
<tr><td><b>Test method</b></td>
<td width="30%"><b>Exception</b></td>
<td width="10%"><b>Time (seconds)</b></td>
<td><b>Instance</b></td>
</tr>
<tr>
<td title='TestCases.TestSkipTestCaseForceFully_10.TestFacebookRegistration()'><b>TestFacebookRegistration</b><br>Test class: TestCases.TestSkipTestCaseForceFully_10</td>
<td><div><pre>org.testng.SkipException: Registration link is disabled
	at TestCases.TestSkipTestCaseForceFully_10.TestFacebookRegistration(TestSkipTestCaseForceFully_10.java:12)
... Removed 25 stack frames</pre></div><a href='#' onClick='toggleBox("stack-trace149047107", this, "Click to show all stack frames", "Click to hide stack frames")'>Click to show all stack frames</a>
<div class='stack-trace' id='stack-trace149047107'><pre>org.testng.SkipException: Registration link is disabled
	at TestCases.TestSkipTestCaseForceFully_10.TestFacebookRegistration(TestSkipTestCaseForceFully_10.java:12)
	at sun.reflect.NativeMethodAccessorImpl.invoke0(Native Method)
	at sun.reflect.NativeMethodAccessorImpl.invoke(Unknown Source)
	at sun.reflect.DelegatingMethodAccessorImpl.invoke(Unknown Source)
	at java.lang.reflect.Method.invoke(Unknown Source)
	at org.testng.internal.MethodInvocationHelper.invokeMethod(MethodInvocationHelper.java:124)
	at org.testng.internal.Invoker.invokeMethod(Invoker.java:583)
	at org.testng.internal.Invoker.invokeTestMethod(Invoker.java:719)
	at org.testng.internal.Invoker.invokeTestMethods(Invoker.java:989)
	at org.testng.internal.TestMethodWorker.invokeTestMethods(TestMethodWorker.java:125)
	at org.testng.internal.TestMethodWorker.run(TestMethodWorker.java:109)
	at org.testng.TestRunner.privateRun(TestRunner.java:648)
	at org.testng.TestRunner.run(TestRunner.java:505)
	at org.testng.SuiteRunner.runTest(SuiteRunner.java:455)
	at org.testng.SuiteRunner.runSequentially(SuiteRunner.java:450)
	at org.testng.SuiteRunner.privateRun(SuiteRunner.java:415)
	at org.testng.SuiteRunner.run(SuiteRunner.java:364)
	at org.testng.SuiteRunnerWorker.runSuite(SuiteRunnerWorker.java:52)
	at org.testng.SuiteRunnerWorker.run(SuiteRunnerWorker.java:84)
	at org.testng.TestNG.runSuitesSequentially(TestNG.java:1208)
	at org.testng.TestNG.runSuitesLocally(TestNG.java:1137)
	at org.testng.TestNG.runSuites(TestNG.java:1049)
	at org.testng.TestNG.run(TestNG.java:1017)
	at org.testng.remote.AbstractRemoteTestNG.run(AbstractRemoteTestNG.java:115)
	at org.testng.remote.RemoteTestNG.initAndRun(RemoteTestNG.java:251)
	at org.testng.remote.RemoteTestNG.main(RemoteTestNG.java:77)
</pre></div></td>
<td>0</td>
<td>TestCases.TestSkipTestCaseForceFully_10@2b552920</td></tr>
</table><p>
</body>
</html>