<?xml version="1.0" encoding="UTF-8"?>
<!-- Generated by org.testng.reporters.JUnitXMLReporter -->
<testsuite hostname="rajanpc" ignored="0" name="Test" tests="14" failures="2" timestamp="30 May 2019 11:55:08 GMT" time="0.114" errors="0">
  <testcase name="TestFooter" time="0.005" classname="TestCases.TestAnno_1"/>
  <testcase name="TestHeade" time="0.001" classname="TestCases.TestAnno_1"/>
  <testcase name="TestNumberOfLinks" time="0.001" classname="TestCases.TestAnno_1"/>
  <testcase name="TestTitle" time="0.001" classname="TestCases.TestAnno_1"/>
  <testcase name="TestFacebookRegistration" time="0.003" classname="TestCases.TestAssertEquals_6"/>
  <testcase name="TestFacebookRegistration" time="0.001" classname="TestCases.TestAssertTrue_7"/>
  <testcase name="TestFacebookRegistration" time="0.002" classname="TestCases.TestDependOn_9">
    <failure type="java.lang.AssertionError" message="Registration Test Case is failed">
      <![CDATA[java.lang.AssertionError: Registration Test Case is failed
at TestCases.TestDependOn_9.TestFacebookRegistration(TestDependOn_9.java:13)
... Removed 26 stack frames]]>
    </failure>
  </testcase> <!-- TestFacebookRegistration -->
  <testcase name="TestFacebookRegistration" time="0.002" classname="TestCases.TestPriority_2"/>
  <testcase name="TestFacebookRegistration" time="0.001" classname="TestCases.TestMultipleAssertionTestCase_8"/>
  <testcase name="TestFacebookRegistration" time="0.001" classname="TestCases.TestSkipTestCaseForceFully_10">
    <skipped/>
  </testcase> <!-- TestFacebookRegistration -->
  <testcase name="TestFacebookRegistration" time="0.001" classname="TestCases.TestBeforeAfterAllTestCases_4"/>
  <testcase name="TesCaseTryCatchFailedForScreenShot" time="0.001" classname="TestCases.TestTryCatchScreenShot_11">
    <failure type="java.lang.AssertionError" message="TesCaseTryCatchFailedForScreenShot Test Case is failed.">
      <![CDATA[java.lang.AssertionError: TesCaseTryCatchFailedForScreenShot Test Case is failed.
at TestCases.TestTryCatchScreenShot_11.TesCaseTryCatchFailedForScreenShot(TestTryCatchScreenShot_11.java:14)
... Removed 26 stack frames]]>
    </failure>
  </testcase> <!-- TesCaseTryCatchFailedForScreenShot -->
  <testcase name="TestFacebookRegistration" time="0.001" classname="TestCases.TestForceFullyFail_5"/>
  <testcase name="TestFacebookRegistration" time="0.002" classname="TestCases.TestBeforeAfterTestCase_3"/>
</testsuite> <!-- Test -->
