<?xml version="1.0" encoding="UTF-8"?>
<!-- Generated by org.testng.reporters.JUnitXMLReporter -->
<testsuite hostname="DESKTOP-3SL4LUB" ignored="0" name="Open Account Test" tests="1" failures="1" timestamp="21 Apr 2019 05:37:45 GMT" time="3.339" errors="0">
  <testcase name="openAccount" time="2.895" classname="testcases.OpenAccountTest">
    <failure type="java.lang.AssertionError" message="Open Account Test Failed">
      <![CDATA[java.lang.AssertionError: Open Account Test Failed
at testcases.OpenAccountTest.openAccount(OpenAccountTest.java:28)
... Removed 29 stack frames]]>
    </failure>
  </testcase> <!-- openAccount -->
</testsuite> <!-- Open Account Test -->
