<?xml version="1.0" encoding="UTF-8"?>
<!-- Generated by org.testng.reporters.JUnitXMLReporter -->
<testsuite hostname="rajanpc" ignored="0" name="Opening Account Test" tests="1" failures="1" timestamp="06 Jun 2019 12:33:31 GMT" time="1.34" errors="0">
  <testcase name="openAccountTest" time="0.972" classname="testcases.OpenAccountTest">
    <failure type="java.lang.AssertionError" message="Open account test failed forcefully">
      <![CDATA[java.lang.AssertionError: Open account test failed forcefully
at testcases.OpenAccountTest.openAccountTest(OpenAccountTest.java:24)
... Removed 29 stack frames]]>
    </failure>
  </testcase> <!-- openAccountTest -->
</testsuite> <!-- Opening Account Test -->
