<?xml version="1.0" encoding="UTF-8"?>
<!-- Generated by org.testng.reporters.JUnitXMLReporter -->
<testsuite hostname="DESKTOP-3SL4LUB" ignored="0" name="Validate Title Test" tests="1" failures="1" timestamp="14 Apr 2019 06:02:58 GMT" time="0.017" errors="0">
  <testcase name="validateTitles" time="0.009" classname="testnglearning.TestCase2">
    <failure type="java.lang.AssertionError" message="The following asserts failed:
	expected [Yahoo.com] but found [Gmail.com],
	Element not found expected [true] but found [false],
	Test failed as the condition is not met">
      <![CDATA[java.lang.AssertionError: The following asserts failed:
expected [Yahoo.com] but found [Gmail.com],
Element not found expected [true] but found [false],
Test failed as the condition is not met
at testnglearning.TestCase2.validateTitles(TestCase2.java:47)
... Removed 26 stack frames]]>
    </failure>
  </testcase> <!-- validateTitles -->
</testsuite> <!-- Validate Title Test -->
